<?xml version="1.0" encoding="UTF-8"?>
<testsuite xmlns:xsi="http://www.w3.org/2001/XMLSchema-instance" xsi:noNamespaceSchemaLocation="https://maven.apache.org/surefire/maven-surefire-plugin/xsd/surefire-test-report.xsd" name="runner.TestRunner" time="52.746" tests="3" errors="0" skipped="0" failures="0">
  <properties>
[...]
</properties>
  <testcase name="Add a new customer" classname="Add new Customer" time="17.521"/>
  <testcase name="Add a duplicate customer" classname="Add new Customer" time="17.84"/>
  <testcase name="Add a customer without filling any details" classname="Add new Customer" time="15.042"/>
</testsuite>